<?xml version="1.0" encoding="UTF-8" standalone="yes"?><!DOCTYPE report PUBLIC "-//JACOCO//DTD Report 1.1//EN" "report.dtd"><report name="JavaStreams"><sessioninfo id="ATH-806156-ccd28c52" start="1719640247374" dump="1719640249759"/><sessioninfo id="ATH-806156-106a40b2" start="1719640370999" dump="1719640372557"/><sessioninfo id="ATH-806156-e9b12a98" start="1719640608536" dump="1719640609602"/><sessioninfo id="ATH-806156-70123822" start="1719640839873" dump="1719640841159"/><sessioninfo id="ATH-806156-b3bfd0d1" start="1719641078942" dump="1719641079993"/><sessioninfo id="ATH-806156-7cd2b477" start="1719641402188" dump="1719641403286"/><sessioninfo id="ATH-806156-cf6a904e" start="1719641486094" dump="1719641487152"/><sessioninfo id="ATH-806156-82fe34c" start="1719644650595" dump="1719644651736"/><sessioninfo id="ATH-806156-f0ac0a00" start="1719644882194" dump="1719644883433"/><sessioninfo id="ATH-806156-c18afff2" start="1719645207325" dump="1719645208580"/><sessioninfo id="ATH-806156-a6e0230c" start="1719646976218" dump="1719646977285"/><sessioninfo id="ATH-806156-27c581f6" start="1719647163827" dump="1719647166451"/><sessioninfo id="ATH-806156-f54bc29" start="1719647280269" dump="1719647281369"/><sessioninfo id="ATH-806156-f33490a9" start="1719647339896" dump="1719647341921"/><sessioninfo id="ATH-806156-b106fcbd" start="1719647429609" dump="1719647431648"/><sessioninfo id="ATH-806156-7d7dffa6" start="1719647681998" dump="1719647683184"/><sessioninfo id="ATH-806156-95f78c9f" start="1719647836947" dump="1719647839521"/><sessioninfo id="ATH-806156-f15c9116" start="1719648148380" dump="1719648149540"/><package name="com/rdreams/interviewprep/leetcode/dsa/arrays101"><class name="com/rdreams/interviewprep/leetcode/dsa/arrays101/MaxConsecutiveOnes" sourcefilename="MaxConsecutiveOnes.java"><method name="&lt;init&gt;" desc="()V" line="27"><counter type="INSTRUCTION" missed="0" covered="3"/><counter type="LINE" missed="0" covered="1"/><counter type="COMPLEXITY" missed="0" covered="1"/><counter type="METHOD" missed="0" covered="1"/></method><method name="findMaxConsecutiveOnes" desc="([I)I" line="30"><counter type="INSTRUCTION" missed="0" covered="31"/><counter type="BRANCH" missed="0" covered="4"/><counter type="LINE" missed="0" covered="7"/><counter type="COMPLEXITY" missed="0" covered="3"/><counter type="METHOD" missed="0" covered="1"/></method><method name="lambda$findMaxConsecutiveOnes$1" desc="([II)Ljava/lang/Integer;" line="37"><counter type="INSTRUCTION" missed="0" covered="28"/><counter type="BRANCH" missed="0" covered="6"/><counter type="LINE" missed="0" covered="5"/><counter type="COMPLEXITY" missed="0" covered="4"/><counter type="METHOD" missed="0" covered="1"/></method><method name="lambda$findMaxConsecutiveOnes$0" desc="(I)Z" line="30"><counter type="INSTRUCTION" missed="0" covered="6"/><counter type="BRANCH" missed="0" covered="2"/><counter type="LINE" missed="0" covered="1"/><counter type="COMPLEXITY" missed="0" covered="2"/><counter type="METHOD" missed="0" covered="1"/></method><counter type="INSTRUCTION" missed="0" covered="68"/><counter type="BRANCH" missed="0" covered="12"/><counter type="LINE" missed="0" covered="13"/><counter type="COMPLEXITY" missed="0" covered="10"/><counter type="METHOD" missed="0" covered="4"/><counter type="CLASS" missed="0" covered="1"/></class><sourcefile name="MaxConsecutiveOnes.java"><line nr="27" mi="0" ci="3" mb="0" cb="0"/><line nr="30" mi="0" ci="13" mb="0" cb="2"/><line nr="31" mi="0" ci="7" mb="0" cb="4"/><line nr="32" mi="0" ci="2" mb="0" cb="0"/><line nr="35" mi="0" ci="7" mb="0" cb="0"/><line nr="36" mi="0" ci="2" mb="0" cb="0"/><line nr="37" mi="0" ci="2" mb="0" cb="0"/><line nr="38" mi="0" ci="20" mb="0" cb="6"/><line nr="39" mi="0" ci="1" mb="0" cb="0"/><line nr="40" mi="0" ci="2" mb="0" cb="0"/><line nr="42" mi="0" ci="3" mb="0" cb="0"/><line nr="44" mi="0" ci="2" mb="0" cb="0"/><line nr="45" mi="0" ci="4" mb="0" cb="0"/><counter type="INSTRUCTION" missed="0" covered="68"/><counter type="BRANCH" missed="0" covered="12"/><counter type="LINE" missed="0" covered="13"/><counter type="COMPLEXITY" missed="0" covered="10"/><counter type="METHOD" missed="0" covered="4"/><counter type="CLASS" missed="0" covered="1"/></sourcefile><counter type="INSTRUCTION" missed="0" covered="68"/><counter type="BRANCH" missed="0" covered="12"/><counter type="LINE" missed="0" covered="13"/><counter type="COMPLEXITY" missed="0" covered="10"/><counter type="METHOD" missed="0" covered="4"/><counter type="CLASS" missed="0" covered="1"/></package><package name="com/rdreams/interviewquest/coforge"><class name="com/rdreams/interviewquest/coforge/EvenLongestWord" sourcefilename="EvenLongestWord.java"><method name="&lt;init&gt;" desc="()V" line="6"><counter type="INSTRUCTION" missed="0" covered="3"/><counter type="LINE" missed="0" covered="1"/><counter type="COMPLEXITY" missed="0" covered="1"/><counter type="METHOD" missed="0" covered="1"/></method><method name="getEvenLongestWord" desc="(Ljava/lang/String;)Ljava/lang/String;" line="8"><counter type="INSTRUCTION" missed="0" covered="17"/><counter type="LINE" missed="0" covered="6"/><counter type="COMPLEXITY" missed="0" covered="1"/><counter type="METHOD" missed="0" covered="1"/></method><method name="lambda$getEvenLongestWord$1" desc="(Ljava/lang/String;)Z" line="11"><counter type="INSTRUCTION" missed="0" covered="9"/><counter type="BRANCH" missed="0" covered="2"/><counter type="LINE" missed="0" covered="1"/><counter type="COMPLEXITY" missed="0" covered="2"/><counter type="METHOD" missed="0" covered="1"/></method><method name="lambda$getEvenLongestWord$0" desc="(Ljava/lang/String;)Ljava/lang/String;" line="10"><counter type="INSTRUCTION" missed="0" covered="5"/><counter type="LINE" missed="0" covered="1"/><counter type="COMPLEXITY" missed="0" covered="1"/><counter type="METHOD" missed="0" covered="1"/></method><counter type="INSTRUCTION" missed="0" covered="34"/><counter type="BRANCH" missed="0" covered="2"/><counter type="LINE" missed="0" covered="7"/><counter type="COMPLEXITY" missed="0" covered="5"/><counter type="METHOD" missed="0" covered="4"/><counter type="CLASS" missed="0" covered="1"/></class><sourcefile name="EvenLongestWord.java"><line nr="6" mi="0" ci="3" mb="0" cb="0"/><line nr="8" mi="0" ci="4" mb="0" cb="0"/><line nr="9" mi="0" ci="4" mb="0" cb="0"/><line nr="10" mi="0" ci="7" mb="0" cb="0"/><line nr="11" mi="0" ci="11" mb="0" cb="2"/><line nr="12" mi="0" ci="3" mb="0" cb="0"/><line nr="13" mi="0" ci="2" mb="0" cb="0"/><counter type="INSTRUCTION" missed="0" covered="34"/><counter type="BRANCH" missed="0" covered="2"/><counter type="LINE" missed="0" covered="7"/><counter type="COMPLEXITY" missed="0" covered="5"/><counter type="METHOD" missed="0" covered="4"/><counter type="CLASS" missed="0" covered="1"/></sourcefile><counter type="INSTRUCTION" missed="0" covered="34"/><counter type="BRANCH" missed="0" covered="2"/><counter type="LINE" missed="0" covered="7"/><counter type="COMPLEXITY" missed="0" covered="5"/><counter type="METHOD" missed="0" covered="4"/><counter type="CLASS" missed="0" covered="1"/></package><package name="com/rdreams/codingchallenges/geeksforgeeks"><class name="com/rdreams/codingchallenges/geeksforgeeks/SquareHollow" sourcefilename="SquareHollow.java"><method name="&lt;init&gt;" desc="()V" line="7"><counter type="INSTRUCTION" missed="0" covered="3"/><counter type="LINE" missed="0" covered="1"/><counter type="COMPLEXITY" missed="0" covered="1"/><counter type="METHOD" missed="0" covered="1"/></method><method name="getSquareHollow" desc="(I)Ljava/util/List;" line="9"><counter type="INSTRUCTION" missed="0" covered="10"/><counter type="LINE" missed="0" covered="3"/><counter type="COMPLEXITY" missed="0" covered="1"/><counter type="METHOD" missed="0" covered="1"/></method><method name="lambda$getSquareHollow$0" desc="(II)Ljava/lang/String;" line="11"><counter type="INSTRUCTION" missed="0" covered="37"/><counter type="BRANCH" missed="0" covered="10"/><counter type="LINE" missed="0" covered="6"/><counter type="COMPLEXITY" missed="0" covered="6"/><counter type="METHOD" missed="0" covered="1"/></method><counter type="INSTRUCTION" missed="0" covered="50"/><counter type="BRANCH" missed="0" covered="10"/><counter type="LINE" missed="0" covered="10"/><counter type="COMPLEXITY" missed="0" covered="8"/><counter type="METHOD" missed="0" covered="3"/><counter type="CLASS" missed="0" covered="1"/></class><class name="com/rdreams/codingchallenges/geeksforgeeks/SquareFill" sourcefilename="SquareFill.java"><method name="&lt;init&gt;" desc="()V" line="7"><counter type="INSTRUCTION" missed="0" covered="3"/><counter type="LINE" missed="0" covered="1"/><counter type="COMPLEXITY" missed="0" covered="1"/><counter type="METHOD" missed="0" covered="1"/></method><method name="getSquareFill" desc="(I)Ljava/util/List;" line="9"><counter type="INSTRUCTION" missed="0" covered="10"/><counter type="LINE" missed="0" covered="3"/><counter type="COMPLEXITY" missed="0" covered="1"/><counter type="METHOD" missed="0" covered="1"/></method><method name="lambda$getSquareFill$0" desc="(II)Ljava/lang/String;" line="11"><counter type="INSTRUCTION" missed="0" covered="18"/><counter type="BRANCH" missed="0" covered="2"/><counter type="LINE" missed="0" covered="4"/><counter type="COMPLEXITY" missed="0" covered="2"/><counter type="METHOD" missed="0" covered="1"/></method><counter type="INSTRUCTION" missed="0" covered="31"/><counter type="BRANCH" missed="0" covered="2"/><counter type="LINE" missed="0" covered="8"/><counter type="COMPLEXITY" missed="0" covered="4"/><counter type="METHOD" missed="0" covered="3"/><counter type="CLASS" missed="0" covered="1"/></class><sourcefile name="SquareHollow.java"><line nr="7" mi="0" ci="3" mb="0" cb="0"/><line nr="9" mi="0" ci="6" mb="0" cb="0"/><line nr="10" mi="0" ci="1" mb="0" cb="0"/><line nr="11" mi="0" ci="4" mb="0" cb="0"/><line nr="12" mi="0" ci="7" mb="0" cb="2"/><line nr="13" mi="0" ci="14" mb="0" cb="8"/><line nr="14" mi="0" ci="5" mb="0" cb="0"/><line nr="16" mi="0" ci="4" mb="0" cb="0"/><line nr="19" mi="0" ci="3" mb="0" cb="0"/><line nr="21" mi="0" ci="3" mb="0" cb="0"/><counter type="INSTRUCTION" missed="0" covered="50"/><counter type="BRANCH" missed="0" covered="10"/><counter type="LINE" missed="0" covered="10"/><counter type="COMPLEXITY" missed="0" covered="8"/><counter type="METHOD" missed="0" covered="3"/><counter type="CLASS" missed="0" covered="1"/></sourcefile><sourcefile name="SquareFill.java"><line nr="7" mi="0" ci="3" mb="0" cb="0"/><line nr="9" mi="0" ci="6" mb="0" cb="0"/><line nr="10" mi="0" ci="1" mb="0" cb="0"/><line nr="11" mi="0" ci="4" mb="0" cb="0"/><line nr="12" mi="0" ci="7" mb="0" cb="2"/><line nr="13" mi="0" ci="4" mb="0" cb="0"/><line nr="15" mi="0" ci="3" mb="0" cb="0"/><line nr="16" mi="0" ci="3" mb="0" cb="0"/><counter type="INSTRUCTION" missed="0" covered="31"/><counter type="BRANCH" missed="0" covered="2"/><counter type="LINE" missed="0" covered="8"/><counter type="COMPLEXITY" missed="0" covered="4"/><counter type="METHOD" missed="0" covered="3"/><counter type="CLASS" missed="0" covered="1"/></sourcefile><counter type="INSTRUCTION" missed="0" covered="81"/><counter type="BRANCH" missed="0" covered="12"/><counter type="LINE" missed="0" covered="18"/><counter type="COMPLEXITY" missed="0" covered="12"/><counter type="METHOD" missed="0" covered="6"/><counter type="CLASS" missed="0" covered="2"/></package><package name="com/rdreams/interviewquest/athenahealth/mts"><class name="com/rdreams/interviewquest/athenahealth/mts/Student" sourcefilename="Student.java"><method name="&lt;init&gt;" desc="(ILjava/lang/String;II)V" line="11"><counter type="INSTRUCTION" missed="0" covered="15"/><counter type="LINE" missed="0" covered="6"/><counter type="COMPLEXITY" missed="0" covered="1"/><counter type="METHOD" missed="0" covered="1"/></method><method name="&lt;init&gt;" desc="()V" line="18"><counter type="INSTRUCTION" missed="0" covered="3"/><counter type="LINE" missed="0" covered="2"/><counter type="COMPLEXITY" missed="0" covered="1"/><counter type="METHOD" missed="0" covered="1"/></method><method name="getId" desc="()I" line="22"><counter type="INSTRUCTION" missed="0" covered="3"/><counter type="LINE" missed="0" covered="1"/><counter type="COMPLEXITY" missed="0" covered="1"/><counter type="METHOD" missed="0" covered="1"/></method><method name="getName" desc="()Ljava/lang/String;" line="26"><counter type="INSTRUCTION" missed="0" covered="3"/><counter type="LINE" missed="0" covered="1"/><counter type="COMPLEXITY" missed="0" covered="1"/><counter type="METHOD" missed="0" covered="1"/></method><method name="getMarks" desc="()I" line="30"><counter type="INSTRUCTION" missed="0" covered="3"/><counter type="LINE" missed="0" covered="1"/><counter type="COMPLEXITY" missed="0" covered="1"/><counter type="METHOD" missed="0" covered="1"/></method><method name="setRank" desc="(I)V" line="34"><counter type="INSTRUCTION" missed="0" covered="4"/><counter type="LINE" missed="0" covered="2"/><counter type="COMPLEXITY" missed="0" covered="1"/><counter type="METHOD" missed="0" covered="1"/></method><method name="equals" desc="(Ljava/lang/Object;)Z" line="39"><counter type="INSTRUCTION" missed="0" covered="37"/><counter type="BRANCH" missed="0" covered="12"/><counter type="LINE" missed="0" covered="4"/><counter type="COMPLEXITY" missed="0" covered="7"/><counter type="METHOD" missed="0" covered="1"/></method><method name="toString" desc="()Ljava/lang/String;" line="47"><counter type="INSTRUCTION" missed="0" covered="10"/><counter type="LINE" missed="0" covered="1"/><counter type="COMPLEXITY" missed="0" covered="1"/><counter type="METHOD" missed="0" covered="1"/></method><counter type="INSTRUCTION" missed="0" covered="78"/><counter type="BRANCH" missed="0" covered="12"/><counter type="LINE" missed="0" covered="18"/><counter type="COMPLEXITY" missed="0" covered="14"/><counter type="METHOD" missed="0" covered="8"/><counter type="CLASS" missed="0" covered="1"/></class><class name="com/rdreams/interviewquest/athenahealth/mts/StudentMarklist" sourcefilename="StudentMarklist.java"><method name="&lt;init&gt;" desc="()V" line="8"><counter type="INSTRUCTION" missed="0" covered="3"/><counter type="LINE" missed="0" covered="1"/><counter type="COMPLEXITY" missed="0" covered="1"/><counter type="METHOD" missed="0" covered="1"/></method><method name="getStudentMarklist" desc="(Ljava/util/List;)Ljava/util/List;" line="11"><counter type="INSTRUCTION" missed="0" covered="24"/><counter type="LINE" missed="0" covered="7"/><counter type="COMPLEXITY" missed="0" covered="1"/><counter type="METHOD" missed="0" covered="1"/></method><method name="lambda$getStudentMarklist$0" desc="(Ljava/util/concurrent/atomic/AtomicInteger;Lcom/rdreams/interviewquest/athenahealth/mts/Student;)V" line="17"><counter type="INSTRUCTION" missed="0" covered="5"/><counter type="LINE" missed="0" covered="1"/><counter type="COMPLEXITY" missed="0" covered="1"/><counter type="METHOD" missed="0" covered="1"/></method><counter type="INSTRUCTION" missed="0" covered="32"/><counter type="LINE" missed="0" covered="8"/><counter type="COMPLEXITY" missed="0" covered="3"/><counter type="METHOD" missed="0" covered="3"/><counter type="CLASS" missed="0" covered="1"/></class><sourcefile name="StudentMarklist.java"><line nr="8" mi="0" ci="3" mb="0" cb="0"/><line nr="11" mi="0" ci="3" mb="0" cb="0"/><line nr="12" mi="0" ci="3" mb="0" cb="0"/><line nr="13" mi="0" ci="4" mb="0" cb="0"/><line nr="15" mi="0" ci="5" mb="0" cb="0"/><line nr="16" mi="0" ci="5" mb="0" cb="0"/><line nr="17" mi="0" ci="6" mb="0" cb="0"/><line nr="18" mi="0" ci="3" mb="0" cb="0"/><counter type="INSTRUCTION" missed="0" covered="32"/><counter type="LINE" missed="0" covered="8"/><counter type="COMPLEXITY" missed="0" covered="3"/><counter type="METHOD" missed="0" covered="3"/><counter type="CLASS" missed="0" covered="1"/></sourcefile><sourcefile name="Student.java"><line nr="11" mi="0" ci="2" mb="0" cb="0"/><line nr="12" mi="0" ci="3" mb="0" cb="0"/><line nr="13" mi="0" ci="3" mb="0" cb="0"/><line nr="14" mi="0" ci="3" mb="0" cb="0"/><line nr="15" mi="0" ci="3" mb="0" cb="0"/><line nr="16" mi="0" ci="1" mb="0" cb="0"/><line nr="18" mi="0" ci="2" mb="0" cb="0"/><line nr="20" mi="0" ci="1" mb="0" cb="0"/><line nr="22" mi="0" ci="3" mb="0" cb="0"/><line nr="26" mi="0" ci="3" mb="0" cb="0"/><line nr="30" mi="0" ci="3" mb="0" cb="0"/><line nr="34" mi="0" ci="3" mb="0" cb="0"/><line nr="35" mi="0" ci="1" mb="0" cb="0"/><line nr="39" mi="0" ci="5" mb="0" cb="2"/><line nr="40" mi="0" ci="9" mb="0" cb="4"/><line nr="41" mi="0" ci="3" mb="0" cb="0"/><line nr="42" mi="0" ci="20" mb="0" cb="6"/><line nr="47" mi="0" ci="10" mb="0" cb="0"/><counter type="INSTRUCTION" missed="0" covered="78"/><counter type="BRANCH" missed="0" covered="12"/><counter type="LINE" missed="0" covered="18"/><counter type="COMPLEXITY" missed="0" covered="14"/><counter type="METHOD" missed="0" covered="8"/><counter type="CLASS" missed="0" covered="1"/></sourcefile><counter type="INSTRUCTION" missed="0" covered="110"/><counter type="BRANCH" missed="0" covered="12"/><counter type="LINE" missed="0" covered="26"/><counter type="COMPLEXITY" missed="0" covered="17"/><counter type="METHOD" missed="0" covered="11"/><counter type="CLASS" missed="0" covered="2"/></package><package name="com/rdreams/interviewquest/athenahealth/amts"><class name="com/rdreams/interviewquest/athenahealth/amts/ArraySum" sourcefilename="ArraySum.java"><method name="&lt;init&gt;" desc="()V" line="5"><counter type="INSTRUCTION" missed="0" covered="3"/><counter type="LINE" missed="0" covered="1"/><counter type="COMPLEXITY" missed="0" covered="1"/><counter type="METHOD" missed="0" covered="1"/></method><method name="getArraysum" desc="([I)I" line="7"><counter type="INSTRUCTION" missed="0" covered="7"/><counter type="LINE" missed="0" covered="1"/><counter type="COMPLEXITY" missed="0" covered="1"/><counter type="METHOD" missed="0" covered="1"/></method><counter type="INSTRUCTION" missed="0" covered="10"/><counter type="LINE" missed="0" covered="2"/><counter type="COMPLEXITY" missed="0" covered="2"/><counter type="METHOD" missed="0" covered="2"/><counter type="CLASS" missed="0" covered="1"/></class><class name="com/rdreams/interviewquest/athenahealth/amts/CharFrequency" sourcefilename="CharFrequency.java"><method name="&lt;init&gt;" desc="()V" line="7"><counter type="INSTRUCTION" missed="0" covered="3"/><counter type="LINE" missed="0" covered="1"/><counter type="COMPLEXITY" missed="0" covered="1"/><counter type="METHOD" missed="0" covered="1"/></method><method name="getCharacterFrequency" desc="(Ljava/lang/String;)Ljava/util/Map;" line="9"><counter type="INSTRUCTION" missed="0" covered="10"/><counter type="LINE" missed="0" covered="3"/><counter type="COMPLEXITY" missed="0" covered="1"/><counter type="METHOD" missed="0" covered="1"/></method><method name="lambda$getCharacterFrequency$0" desc="(I)Ljava/lang/Character;" line="10"><counter type="INSTRUCTION" missed="0" covered="4"/><counter type="LINE" missed="0" covered="1"/><counter type="COMPLEXITY" missed="0" covered="1"/><counter type="METHOD" missed="0" covered="1"/></method><counter type="INSTRUCTION" missed="0" covered="17"/><counter type="LINE" missed="0" covered="4"/><counter type="COMPLEXITY" missed="0" covered="3"/><counter type="METHOD" missed="0" covered="3"/><counter type="CLASS" missed="0" covered="1"/></class><class name="com/rdreams/interviewquest/athenahealth/amts/StringReverse" sourcefilename="StringReverse.java"><method name="&lt;init&gt;" desc="()V" line="5"><counter type="INSTRUCTION" missed="0" covered="3"/><counter type="LINE" missed="0" covered="1"/><counter type="COMPLEXITY" missed="0" covered="1"/><counter type="METHOD" missed="0" covered="1"/></method><method name="getReverseString" desc="(Ljava/lang/String;)Ljava/lang/String;" line="7"><counter type="INSTRUCTION" missed="0" covered="12"/><counter type="LINE" missed="0" covered="5"/><counter type="COMPLEXITY" missed="0" covered="1"/><counter type="METHOD" missed="0" covered="1"/></method><method name="lambda$getReverseString$0" desc="(I)Ljava/lang/String;" line="10"><counter type="INSTRUCTION" missed="0" covered="4"/><counter type="LINE" missed="0" covered="1"/><counter type="COMPLEXITY" missed="0" covered="1"/><counter type="METHOD" missed="0" covered="1"/></method><counter type="INSTRUCTION" missed="0" covered="19"/><counter type="LINE" missed="0" covered="6"/><counter type="COMPLEXITY" missed="0" covered="3"/><counter type="METHOD" missed="0" covered="3"/><counter type="CLASS" missed="0" covered="1"/></class><class name="com/rdreams/interviewquest/athenahealth/amts/UniqueElements" sourcefilename="UniqueElements.java"><method name="&lt;init&gt;" desc="()V" line="5"><counter type="INSTRUCTION" missed="0" covered="3"/><counter type="LINE" missed="0" covered="1"/><counter type="COMPLEXITY" missed="0" covered="1"/><counter type="METHOD" missed="0" covered="1"/></method><method name="getUniqueElements" desc="([I)[I" line="7"><counter type="INSTRUCTION" missed="0" covered="8"/><counter type="LINE" missed="0" covered="1"/><counter type="COMPLEXITY" missed="0" covered="1"/><counter type="METHOD" missed="0" covered="1"/></method><counter type="INSTRUCTION" missed="0" covered="11"/><counter type="LINE" missed="0" covered="2"/><counter type="COMPLEXITY" missed="0" covered="2"/><counter type="METHOD" missed="0" covered="2"/><counter type="CLASS" missed="0" covered="1"/></class><sourcefile name="UniqueElements.java"><line nr="5" mi="0" ci="3" mb="0" cb="0"/><line nr="7" mi="0" ci="8" mb="0" cb="0"/><counter type="INSTRUCTION" missed="0" covered="11"/><counter type="LINE" missed="0" covered="2"/><counter type="COMPLEXITY" missed="0" covered="2"/><counter type="METHOD" missed="0" covered="2"/><counter type="CLASS" missed="0" covered="1"/></sourcefile><sourcefile name="ArraySum.java"><line nr="5" mi="0" ci="3" mb="0" cb="0"/><line nr="7" mi="0" ci="7" mb="0" cb="0"/><counter type="INSTRUCTION" missed="0" covered="10"/><counter type="LINE" missed="0" covered="2"/><counter type="COMPLEXITY" missed="0" covered="2"/><counter type="METHOD" missed="0" covered="2"/><counter type="CLASS" missed="0" covered="1"/></sourcefile><sourcefile name="CharFrequency.java"><line nr="7" mi="0" ci="3" mb="0" cb="0"/><line nr="9" mi="0" ci="4" mb="0" cb="0"/><line nr="10" mi="0" ci="5" mb="0" cb="0"/><line nr="11" mi="0" ci="5" mb="0" cb="0"/><counter type="INSTRUCTION" missed="0" covered="17"/><counter type="LINE" missed="0" covered="4"/><counter type="COMPLEXITY" missed="0" covered="3"/><counter type="METHOD" missed="0" covered="3"/><counter type="CLASS" missed="0" covered="1"/></sourcefile><sourcefile name="StringReverse.java"><line nr="5" mi="0" ci="3" mb="0" cb="0"/><line nr="7" mi="0" ci="5" mb="0" cb="0"/><line nr="8" mi="0" ci="1" mb="0" cb="0"/><line nr="9" mi="0" ci="2" mb="0" cb="0"/><line nr="10" mi="0" ci="5" mb="0" cb="0"/><line nr="11" mi="0" ci="3" mb="0" cb="0"/><counter type="INSTRUCTION" missed="0" covered="19"/><counter type="LINE" missed="0" covered="6"/><counter type="COMPLEXITY" missed="0" covered="3"/><counter type="METHOD" missed="0" covered="3"/><counter type="CLASS" missed="0" covered="1"/></sourcefile><counter type="INSTRUCTION" missed="0" covered="57"/><counter type="LINE" missed="0" covered="14"/><counter type="COMPLEXITY" missed="0" covered="10"/><counter type="METHOD" missed="0" covered="10"/><counter type="CLASS" missed="0" covered="4"/></package><package name="com/rdreams/interviewprep/medium"><class name="com/rdreams/interviewprep/medium/DuplicateValues" sourcefilename="DuplicateValues.java"><method name="&lt;init&gt;" desc="()V" line="7"><counter type="INSTRUCTION" missed="0" covered="3"/><counter type="LINE" missed="0" covered="1"/><counter type="COMPLEXITY" missed="0" covered="1"/><counter type="METHOD" missed="0" covered="1"/></method><method name="getDuplicateValues" desc="([I)[I" line="10"><counter type="INSTRUCTION" missed="0" covered="40"/><counter type="BRANCH" missed="0" covered="4"/><counter type="LINE" missed="0" covered="8"/><counter type="COMPLEXITY" missed="0" covered="3"/><counter type="METHOD" missed="0" covered="1"/></method><counter type="INSTRUCTION" missed="0" covered="43"/><counter type="BRANCH" missed="0" covered="4"/><counter type="LINE" missed="0" covered="9"/><counter type="COMPLEXITY" missed="0" covered="4"/><counter type="METHOD" missed="0" covered="2"/><counter type="CLASS" missed="0" covered="1"/></class><sourcefile name="DuplicateValues.java"><line nr="7" mi="0" ci="3" mb="0" cb="0"/><line nr="10" mi="0" ci="7" mb="0" cb="0"/><line nr="11" mi="0" ci="4" mb="0" cb="0"/><line nr="12" mi="0" ci="4" mb="0" cb="0"/><line nr="14" mi="0" ci="10" mb="0" cb="2"/><line nr="15" mi="0" ci="4" mb="0" cb="2"/><line nr="16" mi="0" ci="4" mb="0" cb="0"/><line nr="18" mi="0" ci="1" mb="0" cb="0"/><line nr="20" mi="0" ci="6" mb="0" cb="0"/><counter type="INSTRUCTION" missed="0" covered="43"/><counter type="BRANCH" missed="0" covered="4"/><counter type="LINE" missed="0" covered="9"/><counter type="COMPLEXITY" missed="0" covered="4"/><counter type="METHOD" missed="0" covered="2"/><counter type="CLASS" missed="0" covered="1"/></sourcefile><counter type="INSTRUCTION" missed="0" covered="43"/><counter type="BRANCH" missed="0" covered="4"/><counter type="LINE" missed="0" covered="9"/><counter type="COMPLEXITY" missed="0" covered="4"/><counter type="METHOD" missed="0" covered="2"/><counter type="CLASS" missed="0" covered="1"/></package><counter type="INSTRUCTION" missed="0" covered="393"/><counter type="BRANCH" missed="0" covered="42"/><counter type="LINE" missed="0" covered="87"/><counter type="COMPLEXITY" missed="0" covered="58"/><counter type="METHOD" missed="0" covered="37"/><counter type="CLASS" missed="0" covered="11"/></report>