<?xml version="1.0" encoding="UTF-8"?>
<testsuite xmlns:xsi="http://www.w3.org/2001/XMLSchema-instance" xsi:noNamespaceSchemaLocation="https://maven.apache.org/surefire/maven-surefire-plugin/xsd/surefire-test-report-3.0.xsd" version="3.0" name="com.rdreams.codingchallenges.geeksforgeeks.SquareHollowTest" time="0.091" tests="3" errors="0" skipped="0" failures="0">
  <properties>
[...]
</properties>
  <testcase name="getSquareHollow_Testcase01" classname="com.rdreams.codingchallenges.geeksforgeeks.SquareHollowTest" time="0.039"/>
  <testcase name="getSquareHollow_Testcase02" classname="com.rdreams.codingchallenges.geeksforgeeks.SquareHollowTest" time="0.002"/>
  <testcase name="getSquareHollow_Testcase03" classname="com.rdreams.codingchallenges.geeksforgeeks.SquareHollowTest" time="0.002"/>
</testsuite>